<?xml version="1.0" encoding="utf-8"?><testsuites name="pytest tests"><testsuite name="pytest" errors="1" failures="0" skipped="0" tests="1" time="0.202" timestamp="2026-02-03T15:35:12.174862+00:00" hostname="f0fde32ed61b"><testcase classname="" name="." time="0.000"><error message="collection failure">/usr/local/lib/python3.10/dist-packages/pluggy/_hooks.py:512: in __call__
    return self._hookexec(self.name, self._hookimpls.copy(), kwargs, firstresult)
/usr/local/lib/python3.10/dist-packages/pluggy/_manager.py:120: in _hookexec
    return self._inner_hookexec(hook_name, methods, kwargs, firstresult)
/usr/local/lib/python3.10/dist-packages/_pytest/python.py:202: in pytest_collect_file
    module: Module = ihook.pytest_pycollect_makemodule(
/usr/local/lib/python3.10/dist-packages/_pytest/config/compat.py:79: in fixed_hook
    return hook(**kw)
/usr/local/lib/python3.10/dist-packages/pluggy/_hooks.py:512: in __call__
    return self._hookexec(self.name, self._hookimpls.copy(), kwargs, firstresult)
/usr/local/lib/python3.10/dist-packages/pluggy/_manager.py:120: in _hookexec
    return self._inner_hookexec(hook_name, methods, kwargs, firstresult)
/opt/ros/humble/lib/python3.10/site-packages/launch_testing/pytest/hooks.py:193: in pytest_pycollect_makemodule
    entrypoint = find_launch_test_entrypoint(path)
/opt/ros/humble/lib/python3.10/site-packages/launch_testing/pytest/hooks.py:180: in find_launch_test_entrypoint
    module = import_path(path, root=None, consider_namespace_packages=False)
/usr/local/lib/python3.10/dist-packages/_pytest/pathlib.py:587: in import_path
    importlib.import_module(module_name)
/usr/lib/python3.10/importlib/__init__.py:126: in import_module
    return _bootstrap._gcd_import(name[level:], package, level)
&lt;frozen importlib._bootstrap&gt;:1050: in _gcd_import
    ???
&lt;frozen importlib._bootstrap&gt;:1027: in _find_and_load
    ???
&lt;frozen importlib._bootstrap&gt;:1006: in _find_and_load_unlocked
    ???
&lt;frozen importlib._bootstrap&gt;:688: in _load_unlocked
    ???
/usr/local/lib/python3.10/dist-packages/_pytest/assertion/rewrite.py:197: in exec_module
    exec(co, module.__dict__)
/tests/integration/test_isolated_integration.py:16: in &lt;module&gt;
    from hri_actions_msgs.msg import Intent
E   ModuleNotFoundError: No module named 'hri_actions_msgs'</error></testcase></testsuite></testsuites>