<?xml version="1.0" encoding="utf-8"?><testsuites name="pytest tests"><testsuite name="pytest" errors="0" failures="0" skipped="16" tests="155" time="25.378" timestamp="2026-02-13T12:10:53.373819+00:00" hostname="ea9d8892d8d3"><testcase classname="tests.test_game_flow.TestGameFlow" name="test_game_initialization" time="2.562" /><testcase classname="tests.test_game_flow.TestGameFlow" name="test_auto_advance_through_phases" time="0.594" /><testcase classname="tests.test_game_flow.TestGameFlow" name="test_correct_answer_flow" time="0.603" /><testcase classname="tests.test_game_flow.TestGameFlow" name="test_wrong_answer_flow" time="0.618" /><testcase classname="tests.test_game_flow.TestGameFlow" name="test_pause_resume_flow" time="0.607" /><testcase classname="tests.test_game_flow.TestManifestUpdates" name="test_initial_manifest_sent" time="3.015" /><testcase classname="tests.test_isolated_integration.TestGameControllerIsolated" name="test_game_initialization" time="1.844" /><testcase classname="tests.test_isolated_integration.TestGameControllerIsolated" name="test_current_user_published" time="1.416" /><testcase classname="tests.test_isolated_integration.TestGameControllerIsolated" name="test_user_intent_forwarding" time="2.116" /><testcase classname="tests.test_isolated_integration.TestGameControllerIsolated" name="test_auto_advance_on_complete" time="1.223" /><testcase classname="tests.test_isolated_integration.TestGameControllerIsolated" name="test_transaction_id_tracking" time="2.619" /><testcase classname="tests.test_isolated_integration.TestGameControllerIsolated" name="test_game_selection_with_json" time="1.814" /><testcase classname="tests.test_isolated_integration.TestGameControllerIsolated" name="test_intent_during_non_answerable_state_ignored" time="1.419" /><testcase classname="tests.test_isolated_integration.TestGameControllerIsolated" name="test_speech_intent_modality" time="1.917" /><testcase classname="tests.test_isolated_integration.TestGameControllerConfiguration" name="test_multiple_game_sessions" time="2.325" /><testcase classname="ros2_ws.src.game_controller.test.test_asset_url_rewriting" name="test_rewrite_defaults_cover_project_shared_and_symbolic_ids" time="0.001" /><testcase classname="ros2_ws.src.game_controller.test.test_asset_url_rewriting" name="test_rewrite_prefers_explicit_project_and_shared_bases" time="0.001" /><testcase classname="ros2_ws.src.game_controller.test.test_asset_url_rewriting" name="test_rewrite_supports_legacy_asset_cdn_alias" time="0.001" /><testcase classname="ros2_ws.src.game_controller.test.test_asset_url_rewriting" name="test_rewrite_supports_compose_project_asset_alias" time="0.001" /><testcase classname="ros2_ws.src.game_controller.test.test_asset_url_rewriting" name="test_format_options_for_ui_uses_rewrite_pipeline" time="0.000" /><testcase classname="ros2_ws.src.game_controller.test.test_auto_advance" name="test_schedule_and_fire" time="0.000" /><testcase classname="ros2_ws.src.game_controller.test.test_auto_advance" name="test_mark_completed_prevents_callback" time="0.001" /><testcase classname="ros2_ws.src.game_controller.test.test_auto_advance" name="test_cancel_timer" time="0.000" /><testcase classname="ros2_ws.src.game_controller.test.test_auto_advance" name="test_no_schedule_for_wait_input" time="0.000" /><testcase classname="ros2_ws.src.game_controller.test.test_builder.TestNormalizePhaseList" name="test_list_input" time="0.000" /><testcase classname="ros2_ws.src.game_controller.test.test_builder.TestNormalizePhaseList" name="test_string_input" time="0.000" /><testcase classname="ros2_ws.src.game_controller.test.test_builder.TestNormalizePhaseList" name="test_lowercase_uppercase" time="0.000" /><testcase classname="ros2_ws.src.game_controller.test.test_builder.TestNormalizePhaseList" name="test_empty_input" time="0.000" /><testcase classname="ros2_ws.src.game_controller.test.test_builder.TestNormalizePhaseList" name="test_modern_p6_is_preserved" time="0.000" /><testcase classname="ros2_ws.src.game_controller.test.test_builder.TestNormalizePhaseList" name="test_legacy_numbering_maps_when_p7_present" time="0.000" /><testcase classname="ros2_ws.src.game_controller.test.test_builder.TestBuildPhaseConfigs" name="test_default_configs" time="0.008" /><testcase classname="ros2_ws.src.game_controller.test.test_builder.TestBuildPhaseConfigs" name="test_merge_with_game_configs" time="0.001" /><testcase classname="ros2_ws.src.game_controller.test.test_builder.TestBuildPhaseConfigs" name="test_merge_with_lowercase_phase_key" time="0.001" /><testcase classname="ros2_ws.src.game_controller.test.test_builder.TestBuildPhaseConfigs" name="test_legacy_phase_names_in_game_configs" time="0.000" /><testcase classname="ros2_ws.src.game_controller.test.test_builder.TestBuildGameInitPayload" name="test_basic_payload" time="0.001" /><testcase classname="ros2_ws.src.game_controller.test.test_builder.TestBuildGameInitPayload" name="test_session_id_included" time="0.001" /><testcase classname="ros2_ws.src.game_controller.test.test_builder.TestBuildGameInitPayload" name="test_default_phase_sequence" time="0.001" /><testcase classname="ros2_ws.src.game_controller.test.test_builder.TestBuildGameInitPayload" name="test_phase_config_override" time="0.001" /><testcase classname="ros2_ws.src.game_controller.test.test_builder.TestBuildGameInitPayload" name="test_requested_phases_filtered_by_supported_phases" time="0.001" /><testcase classname="ros2_ws.src.game_controller.test.test_builder.TestBuildGameInitPayload" name="test_modern_p5_and_p6_are_not_collapsed" time="0.001" /><testcase classname="ros2_ws.src.game_controller.test.test_builder.TestBuildGameInitPayload" name="test_p5_rounds_always_include_answer_option" time="0.001" /><testcase classname="ros2_ws.src.game_controller.test.test_builder.TestBuildGameInitPayload" name="test_p4_generates_two_subrounds" time="0.001" /><testcase classname="ros2_ws.src.game_controller.test.test_builder.TestBuildGameInitPayload" name="test_legacy_p4_yesno_maps_to_p4" time="0.001" /><testcase classname="ros2_ws.src.game_controller.test.test_builder.TestBuildGameInitPayload" name="test_round_question_has_prompt_fields" time="0.001" /><testcase classname="ros2_ws.src.game_controller.test.test_chatbot_client" name="test_normalize_evaluate_label_correct_variants" time="0.000" /><testcase classname="ros2_ws.src.game_controller.test.test_chatbot_client" name="test_normalize_evaluate_label_incorrect_variants" time="0.000" /><testcase classname="ros2_ws.src.game_controller.test.test_chatbot_client" name="test_normalize_evaluate_label_unknown" time="0.000" /><testcase classname="ros2_ws.src.game_controller.test.test_complete_state_coverage" name="test_state_generates_patches[PHASE_INTRO]" time="0.001" /><testcase classname="ros2_ws.src.game_controller.test.test_complete_state_coverage" name="test_state_generates_patches[ROUND_SETUP]" time="0.001" /><testcase classname="ros2_ws.src.game_controller.test.test_complete_state_coverage" name="test_state_generates_patches[QUESTION_PRESENT]" time="0.001" /><testcase classname="ros2_ws.src.game_controller.test.test_complete_state_coverage" name="test_state_generates_patches[WAIT_INPUT]" time="0.001" /><testcase classname="ros2_ws.src.game_controller.test.test_complete_state_coverage" name="test_state_generates_patches[FAIL_L1]" time="0.001" /><testcase classname="ros2_ws.src.game_controller.test.test_complete_state_coverage" name="test_state_generates_patches[FAIL_L2]" time="0.001" /><testcase classname="ros2_ws.src.game_controller.test.test_complete_state_coverage" name="test_state_generates_patches[CORRECT]" time="0.001" /><testcase classname="ros2_ws.src.game_controller.test.test_complete_state_coverage" name="test_state_generates_patches[PHASE_COMPLETE]" time="0.001" /><testcase classname="ros2_ws.src.game_controller.test.test_complete_state_coverage" name="test_state_generates_patches[P5_HIGHLIGHT]" time="0.001" /><testcase classname="ros2_ws.src.game_controller.test.test_complete_state_coverage" name="test_patch_paths_are_consistent" time="0.001" /><testcase classname="ros2_ws.src.game_controller.test.test_correctness.TestNormalizeText" name="test_lowercase" time="0.000" /><testcase classname="ros2_ws.src.game_controller.test.test_correctness.TestNormalizeText" name="test_strip_whitespace" time="0.000" /><testcase classname="ros2_ws.src.game_controller.test.test_correctness.TestNormalizeText" name="test_remove_accents" time="0.001" /><testcase classname="ros2_ws.src.game_controller.test.test_correctness.TestNormalizeText" name="test_empty_string" time="0.000" /><testcase classname="ros2_ws.src.game_controller.test.test_correctness.TestComputeCorrect" name="test_color_question_correct" time="0.000" /><testcase classname="ros2_ws.src.game_controller.test.test_correctness.TestComputeCorrect" name="test_color_question_incorrect" time="0.000" /><testcase classname="ros2_ws.src.game_controller.test.test_correctness.TestComputeCorrect" name="test_yes_no_question" time="0.000" /><testcase classname="ros2_ws.src.game_controller.test.test_correctness.TestComputeCorrect" name="test_accepted_answers" time="0.000" /><testcase classname="ros2_ws.src.game_controller.test.test_correctness.TestComputeCorrect" name="test_options_with_correct" time="0.000" /><testcase classname="ros2_ws.src.game_controller.test.test_correctness.TestComputeCorrect" name="test_multiple_choice_no_match" time="0.000" /><testcase classname="ros2_ws.src.game_controller.test.test_correctness.TestComputeCorrect" name="test_multiple_choice_options_without_correct_flag" time="0.000" /><testcase classname="ros2_ws.src.game_controller.test.test_correctness.TestComputeCorrect" name="test_yes_no_fallback_answer" time="0.000" /><testcase classname="ros2_ws.src.game_controller.test.test_correctness.TestComputeCorrect" name="test_yes_no_from_options" time="0.000" /><testcase classname="ros2_ws.src.game_controller.test.test_correctness.TestComputeCorrect" name="test_tracing_completion" time="0.000" /><testcase classname="ros2_ws.src.game_controller.test.test_correctness.TestComputeCorrect" name="test_default_candidates" time="0.000" /><testcase classname="ros2_ws.src.game_controller.test.test_correctness.TestComputeCorrect" name="test_no_candidates" time="0.000" /><testcase classname="ros2_ws.src.game_controller.test.test_correctness.TestComputeCorrect" name="test_non_dict_meta" time="0.000" /><testcase classname="ros2_ws.src.game_controller.test.test_correctness.TestComputeCorrect" name="test_none_value" time="0.000" /><testcase classname="ros2_ws.src.game_controller.test.test_correctness.TestComputeCorrect" name="test_empty_value" time="0.000" /><testcase classname="ros2_ws.src.game_controller.test.test_correctness.TestFindCorrectOption" name="test_find_correct" time="0.000" /><testcase classname="ros2_ws.src.game_controller.test.test_correctness.TestFindCorrectOption" name="test_no_correct" time="0.000" /><testcase classname="ros2_ws.src.game_controller.test.test_correctness.TestFindCorrectOption" name="test_is_correct_variant_key" time="0.000" /><testcase classname="ros2_ws.src.game_controller.test.test_correctness.TestFindCorrectOption" name="test_empty_options" time="0.000" /><testcase classname="ros2_ws.src.game_controller.test.test_decision_state_payloads" name="test_state_envelope_structure" time="0.000"><skipped type="pytest.skip" message="No decision state log found. Run integration tests first.">/ros2_ws/src/game_controller/test/test_decision_state_payloads.py:21: No decision state log found. Run integration tests first.</skipped></testcase><testcase classname="ros2_ws.src.game_controller.test.test_decision_state_payloads" name="test_question_present_payload" time="0.000"><skipped type="pytest.skip" message="No decision state log found. Run integration tests first.">/ros2_ws/src/game_controller/test/test_decision_state_payloads.py:21: No decision state log found. Run integration tests first.</skipped></testcase><testcase classname="ros2_ws.src.game_controller.test.test_decision_state_payloads" name="test_fail_l1_payload" time="0.000"><skipped type="pytest.skip" message="No decision state log found. Run integration tests first.">/ros2_ws/src/game_controller/test/test_decision_state_payloads.py:21: No decision state log found. Run integration tests first.</skipped></testcase><testcase classname="ros2_ws.src.game_controller.test.test_decision_state_payloads" name="test_transaction_id_increments" time="0.000"><skipped type="pytest.skip" message="No decision state log found. Run integration tests first.">/ros2_ws/src/game_controller/test/test_decision_state_payloads.py:21: No decision state log found. Run integration tests first.</skipped></testcase><testcase classname="ros2_ws.src.game_controller.test.test_fsm_transitions" name="test_phase_intro_to_question_present" time="0.000"><skipped type="pytest.skip" message="No decision state log found. Run integration tests first.">/ros2_ws/src/game_controller/test/test_fsm_transitions.py:21: No decision state log found. Run integration tests first.</skipped></testcase><testcase classname="ros2_ws.src.game_controller.test.test_fsm_transitions" name="test_question_present_to_wait_input" time="0.000"><skipped type="pytest.skip" message="No decision state log found. Run integration tests first.">/ros2_ws/src/game_controller/test/test_fsm_transitions.py:21: No decision state log found. Run integration tests first.</skipped></testcase><testcase classname="ros2_ws.src.game_controller.test.test_fsm_transitions" name="test_wait_input_to_correct_or_fail" time="0.000"><skipped type="pytest.skip" message="No decision state log found. Run integration tests first.">/ros2_ws/src/game_controller/test/test_fsm_transitions.py:21: No decision state log found. Run integration tests first.</skipped></testcase><testcase classname="ros2_ws.src.game_controller.test.test_fsm_transitions" name="test_fail_l1_allows_retry" time="0.000"><skipped type="pytest.skip" message="No decision state log found. Run integration tests first.">/ros2_ws/src/game_controller/test/test_fsm_transitions.py:21: No decision state log found. Run integration tests first.</skipped></testcase><testcase classname="ros2_ws.src.game_controller.test.test_fsm_transitions" name="test_correct_advances_to_next_question" time="0.000"><skipped type="pytest.skip" message="No decision state log found. Run integration tests first.">/ros2_ws/src/game_controller/test/test_fsm_transitions.py:21: No decision state log found. Run integration tests first.</skipped></testcase><testcase classname="ros2_ws.src.game_controller.test.test_input_translation" name="test_parse_input_json_valid" time="0.000" /><testcase classname="ros2_ws.src.game_controller.test.test_input_translation" name="test_parse_input_json_invalid" time="0.000" /><testcase classname="ros2_ws.src.game_controller.test.test_input_translation" name="test_control_command_detection" time="0.000" /><testcase classname="ros2_ws.src.game_controller.test.test_input_translation" name="test_extract_control_command" time="0.000" /><testcase classname="ros2_ws.src.game_controller.test.test_input_translation" name="test_extract_user_answer_prefers_label_then_value" time="0.000" /><testcase classname="ros2_ws.src.game_controller.test.test_input_translation" name="test_extract_user_answer_supports_nested_answer_object" time="0.000" /><testcase classname="ros2_ws.src.game_controller.test.test_input_translation" name="test_translate_input_to_user_intent_uses_question_correctness" time="0.000" /><testcase classname="ros2_ws.src.game_controller.test.test_input_translation" name="test_translate_input_to_user_intent_ignores_control" time="0.000" /><testcase classname="ros2_ws.src.game_controller.test.test_input_translation" name="test_translate_input_to_game_control" time="0.000" /><testcase classname="ros2_ws.src.game_controller.test.test_input_translation" name="test_input_translator_gates_on_state" time="0.000" /><testcase classname="ros2_ws.src.game_controller.test.test_input_translation" name="test_input_translator_allows_control_any_state" time="0.000" /><testcase classname="ros2_ws.src.game_controller.test.test_input_translation" name="test_input_translator_accepts_nested_answer_object" time="0.000" /><testcase classname="ros2_ws.src.game_controller.test.test_input_translation" name="test_input_translator_blocks_user_intent_in_fail_l1" time="0.000" /><testcase classname="ros2_ws.src.game_controller.test.test_manifest_builder" name="test_build_initial_manifest_structure" time="0.000" /><testcase classname="ros2_ws.src.game_controller.test.test_manifest_builder" name="test_build_game_screen_options_patch_maps_options" time="0.000" /><testcase classname="ros2_ws.src.game_controller.test.test_manifest_builder" name="test_format_options_for_ui_maps_fields" time="0.000" /><testcase classname="ros2_ws.src.game_controller.test.test_manifest_builder" name="test_build_state_based_patches_question_present" time="0.000" /><testcase classname="ros2_ws.src.game_controller.test.test_manifest_builder" name="test_build_state_based_patches_question_present_p1_uses_match" time="0.000" /><testcase classname="ros2_ws.src.game_controller.test.test_manifest_builder" name="test_build_state_based_patches_question_present_matching_components_alias_uses_match" time="0.000" /><testcase classname="ros2_ws.src.game_controller.test.test_manifest_builder" name="test_build_state_based_patches_question_present_speech_fallback_options" time="0.000" /><testcase classname="ros2_ws.src.game_controller.test.test_manifest_builder" name="test_build_state_based_patches_question_present_p2_keeps_no_options" time="0.000" /><testcase classname="ros2_ws.src.game_controller.test.test_manifest_builder" name="test_build_state_based_patches_question_present_p6_hides_choices" time="0.000" /><testcase classname="ros2_ws.src.game_controller.test.test_manifest_builder" name="test_build_state_based_patches_wait_input_p5_keeps_input_disabled" time="0.000" /><testcase classname="ros2_ws.src.game_controller.test.test_manifest_builder" name="test_build_state_based_patches_p5_highlight" time="0.000" /><testcase classname="ros2_ws.src.game_controller.test.test_manifest_builder" name="test_build_hint_highlight_patches_marks_only_correct_option" time="0.000" /><testcase classname="ros2_ws.src.game_controller.test.test_manifest_builder" name="test_build_hint_highlight_patches_returns_empty_without_match" time="0.000" /><testcase classname="ros2_ws.src.game_controller.test.test_manifest_builder" name="test_build_hint_highlight_patches_uses_correct_flag_when_id_missing" time="0.000" /><testcase classname="ros2_ws.src.game_controller.test.test_manifest_builder" name="test_component_registry_remote_entry_from_base_env" time="0.000" /><testcase classname="ros2_ws.src.game_controller.test.test_manifest_builder" name="test_component_registry_remote_entry_falls_back_to_shared_asset_base" time="0.000" /><testcase classname="ros2_ws.src.game_controller.test.test_manifest_builder_correct_and_images" name="test_format_options_include_correct_success" time="0.000" /><testcase classname="ros2_ws.src.game_controller.test.test_manifest_builder_correct_and_images" name="test_format_options_excludes_correct_failure_case" time="0.000" /><testcase classname="ros2_ws.src.game_controller.test.test_manifest_builder_correct_and_images" name="test_question_present_multi_image_edge_case" time="0.000" /><testcase classname="ros2_ws.src.game_controller.test.test_manifest_update_sequence" name="test_initial_manifest_is_set" time="0.000"><skipped type="pytest.skip" message="No manifest log found. Run integration test first.">/ros2_ws/src/game_controller/test/test_manifest_update_sequence.py:26: No manifest log found. Run integration test first.</skipped></testcase><testcase classname="ros2_ws.src.game_controller.test.test_manifest_update_sequence" name="test_snapshots_include_hash_and_manifest" time="0.000"><skipped type="pytest.skip" message="No manifest log found. Run integration test first.">/ros2_ws/src/game_controller/test/test_manifest_update_sequence.py:26: No manifest log found. Run integration test first.</skipped></testcase><testcase classname="ros2_ws.src.game_controller.test.test_manifest_update_sequence" name="test_hash_changes_exist" time="0.000"><skipped type="pytest.skip" message="No manifest log found. Run integration test first.">/ros2_ws/src/game_controller/test/test_manifest_update_sequence.py:26: No manifest log found. Run integration test first.</skipped></testcase><testcase classname="ros2_ws.src.game_controller.test.test_manifest_update_sequence" name="test_instances_stay_on_two_instance_contract" time="0.000"><skipped type="pytest.skip" message="No manifest log found. Run integration test first.">/ros2_ws/src/game_controller/test/test_manifest_update_sequence.py:26: No manifest log found. Run integration test first.</skipped></testcase><testcase classname="ros2_ws.src.game_controller.test.test_node_refactor_helpers" name="test_patch_ui_for_state_skips_phase_intro" time="0.000" /><testcase classname="ros2_ws.src.game_controller.test.test_node_refactor_helpers" name="test_rephrase_preserves_expected_answer_guard" time="0.000" /><testcase classname="ros2_ws.src.game_controller.test.test_node_refactor_helpers" name="test_map_intent_modality_accepts_legacy_strings" time="0.000" /><testcase classname="ros2_ws.src.game_controller.test.test_node_refactor_helpers" name="test_build_correct_feedback_text_uses_p5_success_response" time="0.000" /><testcase classname="ros2_ws.src.game_controller.test.test_node_refactor_helpers" name="test_build_correct_feedback_text_uses_correcto_for_p1" time="0.000" /><testcase classname="ros2_ws.src.game_controller.test.test_node_refactor_helpers" name="test_patch_ui_for_state_correct_p5_keeps_highlighted_option" time="0.000" /><testcase classname="ros2_ws.src.game_controller.test.test_node_refactor_helpers" name="test_patch_ui_for_state_correct_p5_infers_target_without_correct_flags" time="0.000" /><testcase classname="ros2_ws.src.game_controller.test.test_node_refactor_helpers" name="test_patch_ui_for_state_wait_input_p5_uses_cached_question_options" time="0.000" /><testcase classname="ros2_ws.src.game_controller.test.test_node_refactor_helpers" name="test_auto_advance_state_key_uses_p1_correct_override" time="0.000" /><testcase classname="ros2_ws.src.game_controller.test.test_node_ui_phase_injection" name="test_patch_ui_for_state_injects_current_phase_when_missing" time="0.000" /><testcase classname="ros2_ws.src.game_controller.test.test_node_ui_phase_injection" name="test_patch_ui_for_state_keeps_explicit_phase_from_payload" time="0.000" /><testcase classname="ros2_ws.src.game_controller.test.test_option_generation" name="test_generate_color_options_basic_count" time="0.000" /><testcase classname="ros2_ws.src.game_controller.test.test_option_generation" name="test_generate_color_options_unknown_color" time="0.000" /><testcase classname="ros2_ws.src.game_controller.test.test_option_generation" name="test_generate_color_options_accented_color_matches_available_label" time="0.000" /><testcase classname="ros2_ws.src.game_controller.test.test_option_generation" name="test_generate_color_options_accented_fallback_image_slug" time="0.000" /><testcase classname="ros2_ws.src.game_controller.test.test_option_generation" name="test_generate_yes_no_options_correct_no" time="0.000" /><testcase classname="ros2_ws.src.game_controller.test.test_option_generation" name="test_generate_generic_options_respects_difficulty" time="0.000" /><testcase classname="ros2_ws.src.game_controller.test.test_option_generation" name="test_enrich_question_options_yes_no" time="0.000" /><testcase classname="ros2_ws.src.game_controller.test.test_option_generation" name="test_enrich_question_options_color" time="0.000" /><testcase classname="ros2_ws.src.game_controller.test.test_p1_matching_gate" name="test_p1_matching_waits_until_all_matches_then_publishes" time="0.000" /><testcase classname="ros2_ws.src.game_controller.test.test_p1_matching_gate" name="test_p1_matching_incorrect_match_is_forwarded_immediately" time="0.000" /><testcase classname="ros2_ws.src.game_controller.test.test_p1_matching_gate" name="test_p1_matching_honors_explicit_completion_flag" time="0.001" /><testcase classname="ros2_ws.src.game_controller.test.test_p1_matching_gate" name="test_p1_matching_falls_back_when_expected_count_is_unknown" time="0.000" /><testcase classname="ros2_ws.src.game_controller.test.test_speech_gate" name="test_speech_gate_waits_for_done_callback" time="0.000" /><testcase classname="ros2_ws.src.game_controller.test.test_speech_gate" name="test_speech_gate_deduplicates_by_transaction" time="0.000" /><testcase classname="ros2_ws.src.game_controller.test.test_speech_gate" name="test_speech_gate_skips_empty_text" time="0.000" /><testcase classname="ros2_ws.src.game_controller.test.test_speech_gate" name="test_speech_gate_returns_false_if_speak_cannot_start" time="0.000" /><testcase classname="ros2_ws.src.game_controller.test.test_transaction_gating" name="test_user_intent_includes_transaction_id" time="0.000"><skipped type="pytest.skip" message="No event log found. Run integration tests first.">/ros2_ws/src/game_controller/test/test_transaction_gating.py:21: No event log found. Run integration tests first.</skipped></testcase><testcase classname="ros2_ws.src.game_controller.test.test_transaction_gating" name="test_on_complete_includes_transaction_id" time="0.000"><skipped type="pytest.skip" message="No event log found. Run integration tests first.">/ros2_ws/src/game_controller/test/test_transaction_gating.py:21: No event log found. Run integration tests first.</skipped></testcase><testcase classname="ros2_ws.src.game_controller.test.test_transaction_gating" name="test_transaction_ids_are_sequential" time="0.000"><skipped type="pytest.skip" message="No state log found. Run integration tests first.">/ros2_ws/src/game_controller/test/test_transaction_gating.py:42: No state log found. Run integration tests first.</skipped></testcase></testsuite></testsuites>